# JRE version: Java(TM) SE Runtime Environment (8.0_221-b11) (build 1.8.0_221-b11)
# Java VM: Java HotSpot(TM) Client VM (25.221-b11 mixed mode, sharing windows-x86 )
Heap:
 def new generation   total 78656K, used 75237K [0x04400000, 0x09950000, 0x09950000)
  eden space 69952K,  95% used [0x04400000, 0x084f9780, 0x08850000)
  from space 8704K, 100% used [0x08850000, 0x090d0000, 0x090d0000)
  to   space 8704K,   0% used [0x090d0000, 0x090d0000, 0x09950000)
 tenured generation   total 174784K, used 145367K [0x09950000, 0x14400000, 0x14400000)
   the space 174784K,  83% used [0x09950000, 0x12745ff8, 0x12746000, 0x14400000)
 Metaspace       used 6437K, capacity 7608K, committed 8448K, reserved 8576K
GC Heap History (10 events):
Event: 23097.671 GC heap before
{Heap before GC invocations=907 (full 24):
 def new generation   total 78656K, used 73323K [0x04400000, 0x09950000, 0x09950000)
  eden space 69952K, 100% used [0x04400000, 0x08850000, 0x08850000)
  from space 8704K,  38% used [0x090d0000, 0x0941af30, 0x09950000)
  to   space 8704K,   0% used [0x08850000, 0x08850000, 0x090d0000)
 tenured generation   total 174784K, used 124858K [0x09950000, 0x14400000, 0x14400000)
   the space 174784K,  71% used [0x09950000, 0x1133e838, 0x1133ea00, 0x14400000)
 Metaspace       used 6430K, capacity 7600K, committed 8448K, reserved 8576K
Event: 23097.679 GC heap after
Heap after GC invocations=908 (full 24):
 def new generation   total 78656K, used 3155K [0x04400000, 0x09950000, 0x09950000)
  eden space 69952K,   0% used [0x04400000, 0x04400000, 0x08850000)
  from space 8704K,  36% used [0x08850000, 0x08b64d18, 0x090d0000)
  to   space 8704K,   0% used [0x090d0000, 0x090d0000, 0x09950000)
 tenured generation   total 174784K, used 124858K [0x09950000, 0x14400000, 0x14400000)
   the space 174784K,  71% used [0x09950000, 0x1133e838, 0x1133ea00, 0x14400000)
 Metaspace       used 6430K, capacity 7600K, committed 8448K, reserved 8576K
}
Event: 23117.070 GC heap before
{Heap before GC invocations=908 (full 24):
 def new generation   total 78656K, used 73107K [0x04400000, 0x09950000, 0x09950000)
  eden space 69952K, 100% used [0x04400000, 0x08850000, 0x08850000)
  from space 8704K,  36% used [0x08850000, 0x08b64d18, 0x090d0000)
  to   space 8704K,   0% used [0x090d0000, 0x090d0000, 0x09950000)
 tenured generation   total 174784K, used 124858K [0x09950000, 0x14400000, 0x14400000)
   the space 174784K,  71% used [0x09950000, 0x1133e838, 0x1133ea00, 0x14400000)
 Metaspace       used 6430K, capacity 7600K, committed 8448K, reserved 8576K
Event: 23117.078 GC heap after
Heap after GC invocations=909 (full 24):
 def new generation   total 78656K, used 3147K [0x04400000, 0x09950000, 0x09950000)
  eden space 69952K,   0% used [0x04400000, 0x04400000, 0x08850000)
  from space 8704K,  36% used [0x090d0000, 0x093e2ce0, 0x09950000)
  to   space 8704K,   0% used [0x08850000, 0x08850000, 0x090d0000)
 tenured generation   total 174784K, used 124858K [0x09950000, 0x14400000, 0x14400000)
   the space 174784K,  71% used [0x09950000, 0x1133e838, 0x1133ea00, 0x14400000)
 Metaspace       used 6430K, capacity 7600K, committed 8448K, reserved 8576K
}
Event: 23182.951 GC heap before
{Heap before GC invocations=909 (full 24):
 def new generation   total 78656K, used 73099K [0x04400000, 0x09950000, 0x09950000)
  eden space 69952K, 100% used [0x04400000, 0x08850000, 0x08850000)
  from space 8704K,  36% used [0x090d0000, 0x093e2ce0, 0x09950000)
  to   space 8704K,   0% used [0x08850000, 0x08850000, 0x090d0000)
 tenured generation   total 174784K, used 124858K [0x09950000, 0x14400000, 0x14400000)
   the space 174784K,  71% used [0x09950000, 0x1133e838, 0x1133ea00, 0x14400000)
 Metaspace       used 6432K, capacity 7608K, committed 8448K, reserved 8576K
Event: 23182.980 GC heap after
Heap after GC invocations=910 (full 24):
 def new generation   total 78656K, used 8704K [0x04400000, 0x09950000, 0x09950000)
  eden space 69952K,   0% used [0x04400000, 0x04400000, 0x08850000)
  from space 8704K, 100% used [0x08850000, 0x090d0000, 0x090d0000)
  to   space 8704K,   0% used [0x090d0000, 0x090d0000, 0x09950000)
 tenured generation   total 174784K, used 126485K [0x09950000, 0x14400000, 0x14400000)
   the space 174784K,  72% used [0x09950000, 0x114d5468, 0x114d5600, 0x14400000)
 Metaspace       used 6432K, capacity 7608K, committed 8448K, reserved 8576K
}
Event: 23276.310 GC heap before
{Heap before GC invocations=910 (full 24):
 def new generation   total 78656K, used 78656K [0x04400000, 0x09950000, 0x09950000)
  eden space 69952K, 100% used [0x04400000, 0x08850000, 0x08850000)
  from space 8704K, 100% used [0x08850000, 0x090d0000, 0x090d0000)
  to   space 8704K,   0% used [0x090d0000, 0x090d0000, 0x09950000)
 tenured generation   total 174784K, used 126485K [0x09950000, 0x14400000, 0x14400000)
   the space 174784K,  72% used [0x09950000, 0x114d5468, 0x114d5600, 0x14400000)
 Metaspace       used 6432K, capacity 7608K, committed 8448K, reserved 8576K
Event: 23276.355 GC heap after
Heap after GC invocations=911 (full 24):
 def new generation   total 78656K, used 8703K [0x04400000, 0x09950000, 0x09950000)
  eden space 69952K,   0% used [0x04400000, 0x04400000, 0x08850000)
  from space 8704K,  99% used [0x090d0000, 0x0994fff8, 0x09950000)
  to   space 8704K,   0% used [0x08850000, 0x08850000, 0x090d0000)
 tenured generation   total 174784K, used 133366K [0x09950000, 0x14400000, 0x14400000)
   the space 174784K,  76% used [0x09950000, 0x11b8db58, 0x11b8dc00, 0x14400000)
 Metaspace       used 6432K, capacity 7608K, committed 8448K, reserved 8576K
}
Event: 23370.471 GC heap before
{Heap before GC invocations=911 (full 24):
 def new generation   total 78656K, used 78655K [0x04400000, 0x09950000, 0x09950000)
  eden space 69952K, 100% used [0x04400000, 0x08850000, 0x08850000)
  from space 8704K,  99% used [0x090d0000, 0x0994fff8, 0x09950000)
  to   space 8704K,   0% used [0x08850000, 0x08850000, 0x090d0000)
 tenured generation   total 174784K, used 133366K [0x09950000, 0x14400000, 0x14400000)
   the space 174784K,  76% used [0x09950000, 0x11b8db58, 0x11b8dc00, 0x14400000)
 Metaspace       used 6432K, capacity 7608K, committed 8448K, reserved 8576K
Event: 23370.525 GC heap after
Heap after GC invocations=912 (full 24):
 def new generation   total 78656K, used 8704K [0x04400000, 0x09950000, 0x09950000)
  eden space 69952K,   0% used [0x04400000, 0x04400000, 0x08850000)
  from space 8704K, 100% used [0x08850000, 0x090d0000, 0x090d0000)
  to   space 8704K,   0% used [0x090d0000, 0x090d0000, 0x09950000)
 tenured generation   total 174784K, used 145367K [0x09950000, 0x14400000, 0x14400000)
   the space 174784K,  83% used [0x09950000, 0x12745ff8, 0x12746000, 0x14400000)
 Metaspace       used 6432K, capacity 7608K, committed 8448K, reserved 8576K
}

