# JRE version: Java(TM) SE Runtime Environment (8.0_221-b11) (build 1.8.0_221-b11)
# Java VM: Java HotSpot(TM) Client VM (25.221-b11 mixed mode, sharing windows-x86 )
Heap:
 def new generation   total 10880K, used 4349K [0x04400000, 0x04fc0000, 0x09950000)
  eden space 9728K,  32% used [0x04400000, 0x0471f458, 0x04d80000)
  from space 1152K,  99% used [0x04ea0000, 0x04fbfff8, 0x04fc0000)
  to   space 1152K,   0% used [0x04d80000, 0x04d80000, 0x04ea0000)
 tenured generation   total 24032K, used 15131K [0x09950000, 0x0b0c8000, 0x14400000)
   the space 24032K,  62% used [0x09950000, 0x0a816fe0, 0x0a817000, 0x0b0c8000)
 Metaspace       used 6157K, capacity 7044K, committed 7808K, reserved 8576K
GC Heap History (10 events):
Event: 22129.889 GC heap before
{Heap before GC invocations=5492 (full 184):
 def new generation   total 10880K, used 10219K [0x04400000, 0x04fc0000, 0x09950000)
  eden space 9728K, 100% used [0x04400000, 0x04d80000, 0x04d80000)
  from space 1152K,  42% used [0x04d80000, 0x04dfafc8, 0x04ea0000)
  to   space 1152K,   0% used [0x04ea0000, 0x04ea0000, 0x04fc0000)
 tenured generation   total 24032K, used 21183K [0x09950000, 0x0b0c8000, 0x14400000)
   the space 24032K,  88% used [0x09950000, 0x0adffd58, 0x0adffe00, 0x0b0c8000)
 Metaspace       used 6316K, capacity 7399K, committed 7808K, reserved 8576K
Event: 22129.894 GC heap after
Heap after GC invocations=5493 (full 184):
 def new generation   total 10880K, used 1151K [0x04400000, 0x04fc0000, 0x09950000)
  eden space 9728K,   0% used [0x04400000, 0x04400000, 0x04d80000)
  from space 1152K,  99% used [0x04ea0000, 0x04fbfff8, 0x04fc0000)
  to   space 1152K,   0% used [0x04d80000, 0x04d80000, 0x04ea0000)
 tenured generation   total 24032K, used 21856K [0x09950000, 0x0b0c8000, 0x14400000)
   the space 24032K,  90% used [0x09950000, 0x0aea81f8, 0x0aea8200, 0x0b0c8000)
 Metaspace       used 6316K, capacity 7399K, committed 7808K, reserved 8576K
}
Event: 22141.293 GC heap before
{Heap before GC invocations=5493 (full 184):
 def new generation   total 10880K, used 10879K [0x04400000, 0x04fc0000, 0x09950000)
  eden space 9728K, 100% used [0x04400000, 0x04d80000, 0x04d80000)
  from space 1152K,  99% used [0x04ea0000, 0x04fbfff8, 0x04fc0000)
  to   space 1152K,   0% used [0x04d80000, 0x04d80000, 0x04ea0000)
 tenured generation   total 24032K, used 21856K [0x09950000, 0x0b0c8000, 0x14400000)
   the space 24032K,  90% used [0x09950000, 0x0aea81f8, 0x0aea8200, 0x0b0c8000)
 Metaspace       used 6316K, capacity 7399K, committed 7808K, reserved 8576K
Event: 22141.302 GC heap after
Heap after GC invocations=5494 (full 184):
 def new generation   total 10880K, used 1152K [0x04400000, 0x04fc0000, 0x09950000)
  eden space 9728K,   0% used [0x04400000, 0x04400000, 0x04d80000)
  from space 1152K, 100% used [0x04d80000, 0x04ea0000, 0x04ea0000)
  to   space 1152K,   0% used [0x04ea0000, 0x04ea0000, 0x04fc0000)
 tenured generation   total 24032K, used 23306K [0x09950000, 0x0b0c8000, 0x14400000)
   the space 24032K,  96% used [0x09950000, 0x0b012b48, 0x0b012c00, 0x0b0c8000)
 Metaspace       used 6316K, capacity 7399K, committed 7808K, reserved 8576K
}
Event: 22152.573 GC heap before
{Heap before GC invocations=5494 (full 184):
 def new generation   total 10880K, used 10880K [0x04400000, 0x04fc0000, 0x09950000)
  eden space 9728K, 100% used [0x04400000, 0x04d80000, 0x04d80000)
  from space 1152K, 100% used [0x04d80000, 0x04ea0000, 0x04ea0000)
  to   space 1152K,   0% used [0x04ea0000, 0x04ea0000, 0x04fc0000)
 tenured generation   total 24032K, used 23306K [0x09950000, 0x0b0c8000, 0x14400000)
   the space 24032K,  96% used [0x09950000, 0x0b012b48, 0x0b012c00, 0x0b0c8000)
 Metaspace       used 6316K, capacity 7399K, committed 7808K, reserved 8576K
Event: 22152.597 GC heap after
Heap after GC invocations=5495 (full 185):
 def new generation   total 10880K, used 0K [0x04400000, 0x04fc0000, 0x09950000)
  eden space 9728K,   0% used [0x04400000, 0x04400000, 0x04d80000)
  from space 1152K,   0% used [0x04ea0000, 0x04ea0000, 0x04fc0000)
  to   space 1152K,   0% used [0x04d80000, 0x04d80000, 0x04ea0000)
 tenured generation   total 24032K, used 12286K [0x09950000, 0x0b0c8000, 0x14400000)
   the space 24032K,  51% used [0x09950000, 0x0a54f968, 0x0a54fa00, 0x0b0c8000)
 Metaspace       used 6140K, capacity 7012K, committed 7808K, reserved 8576K
}
Event: 22166.333 GC heap before
{Heap before GC invocations=5495 (full 185):
 def new generation   total 10880K, used 9728K [0x04400000, 0x04fc0000, 0x09950000)
  eden space 9728K, 100% used [0x04400000, 0x04d80000, 0x04d80000)
  from space 1152K,   0% used [0x04ea0000, 0x04ea0000, 0x04fc0000)
  to   space 1152K,   0% used [0x04d80000, 0x04d80000, 0x04ea0000)
 tenured generation   total 24032K, used 12286K [0x09950000, 0x0b0c8000, 0x14400000)
   the space 24032K,  51% used [0x09950000, 0x0a54f968, 0x0a54fa00, 0x0b0c8000)
 Metaspace       used 6140K, capacity 7012K, committed 7808K, reserved 8576K
Event: 22166.339 GC heap after
Heap after GC invocations=5496 (full 185):
 def new generation   total 10880K, used 1151K [0x04400000, 0x04fc0000, 0x09950000)
  eden space 9728K,   0% used [0x04400000, 0x04400000, 0x04d80000)
  from space 1152K,  99% used [0x04d80000, 0x04e9ffe8, 0x04ea0000)
  to   space 1152K,   0% used [0x04ea0000, 0x04ea0000, 0x04fc0000)
 tenured generation   total 24032K, used 13255K [0x09950000, 0x0b0c8000, 0x14400000)
   the space 24032K,  55% used [0x09950000, 0x0a641ee8, 0x0a642000, 0x0b0c8000)
 Metaspace       used 6140K, capacity 7012K, committed 7808K, reserved 8576K
}
Event: 22179.973 GC heap before
{Heap before GC invocations=5496 (full 185):
 def new generation   total 10880K, used 10879K [0x04400000, 0x04fc0000, 0x09950000)
  eden space 9728K, 100% used [0x04400000, 0x04d80000, 0x04d80000)
  from space 1152K,  99% used [0x04d80000, 0x04e9ffe8, 0x04ea0000)
  to   space 1152K,   0% used [0x04ea0000, 0x04ea0000, 0x04fc0000)
 tenured generation   total 24032K, used 13255K [0x09950000, 0x0b0c8000, 0x14400000)
   the space 24032K,  55% used [0x09950000, 0x0a641ee8, 0x0a642000, 0x0b0c8000)
 Metaspace       used 6140K, capacity 7012K, committed 7808K, reserved 8576K
Event: 22179.979 GC heap after
Heap after GC invocations=5497 (full 185):
 def new generation   total 10880K, used 1151K [0x04400000, 0x04fc0000, 0x09950000)
  eden space 9728K,   0% used [0x04400000, 0x04400000, 0x04d80000)
  from space 1152K,  99% used [0x04ea0000, 0x04fbfff8, 0x04fc0000)
  to   space 1152K,   0% used [0x04d80000, 0x04d80000, 0x04ea0000)
 tenured generation   total 24032K, used 15131K [0x09950000, 0x0b0c8000, 0x14400000)
   the space 24032K,  62% used [0x09950000, 0x0a816fe0, 0x0a817000, 0x0b0c8000)
 Metaspace       used 6140K, capacity 7012K, committed 7808K, reserved 8576K
}

