# JRE version: Java(TM) SE Runtime Environment (8.0_221-b11) (build 1.8.0_221-b11)
# Java VM: Java HotSpot(TM) Client VM (25.221-b11 mixed mode windows-x86 )
Heap:
 def new generation   total 68288K, used 13005K [0x05000000, 0x09a10000, 0x0a550000)
  eden space 60736K,  15% used [0x05000000, 0x059678b8, 0x08b50000)
  from space 7552K,  44% used [0x08b50000, 0x08e9bdf0, 0x092b0000)
  to   space 7552K,   0% used [0x092b0000, 0x092b0000, 0x09a10000)
 tenured generation   total 151560K, used 91871K [0x0a550000, 0x13952000, 0x15000000)
   the space 151560K,  60% used [0x0a550000, 0x0ff07cd0, 0x0ff07e00, 0x13952000)
 Metaspace       used 12848K, capacity 13963K, committed 14080K, reserved 14720K
GC Heap History (10 events):
Event: 217.628 GC heap before
{Heap before GC invocations=180 (full 6):
 def new generation   total 68288K, used 63116K [0x05000000, 0x09a10000, 0x0a550000)
  eden space 60736K, 100% used [0x05000000, 0x08b50000, 0x08b50000)
  from space 7552K,  31% used [0x092b0000, 0x09503398, 0x09a10000)
  to   space 7552K,   0% used [0x08b50000, 0x08b50000, 0x092b0000)
 tenured generation   total 151560K, used 91456K [0x0a550000, 0x13952000, 0x15000000)
   the space 151560K,  60% used [0x0a550000, 0x0fea00e0, 0x0fea0200, 0x13952000)
 Metaspace       used 12808K, capacity 13921K, committed 13952K, reserved 14720K
Event: 217.632 GC heap after
Heap after GC invocations=181 (full 6):
 def new generation   total 68288K, used 2124K [0x05000000, 0x09a10000, 0x0a550000)
  eden space 60736K,   0% used [0x05000000, 0x05000000, 0x08b50000)
  from space 7552K,  28% used [0x08b50000, 0x08d63188, 0x092b0000)
  to   space 7552K,   0% used [0x092b0000, 0x092b0000, 0x09a10000)
 tenured generation   total 151560K, used 91456K [0x0a550000, 0x13952000, 0x15000000)
   the space 151560K,  60% used [0x0a550000, 0x0fea00e0, 0x0fea0200, 0x13952000)
 Metaspace       used 12808K, capacity 13921K, committed 13952K, reserved 14720K
}
Event: 230.108 GC heap before
{Heap before GC invocations=181 (full 6):
 def new generation   total 68288K, used 62860K [0x05000000, 0x09a10000, 0x0a550000)
  eden space 60736K, 100% used [0x05000000, 0x08b50000, 0x08b50000)
  from space 7552K,  28% used [0x08b50000, 0x08d63188, 0x092b0000)
  to   space 7552K,   0% used [0x092b0000, 0x092b0000, 0x09a10000)
 tenured generation   total 151560K, used 91456K [0x0a550000, 0x13952000, 0x15000000)
   the space 151560K,  60% used [0x0a550000, 0x0fea00e0, 0x0fea0200, 0x13952000)
 Metaspace       used 12811K, capacity 13929K, committed 13952K, reserved 14720K
Event: 230.115 GC heap after
Heap after GC invocations=182 (full 6):
 def new generation   total 68288K, used 2854K [0x05000000, 0x09a10000, 0x0a550000)
  eden space 60736K,   0% used [0x05000000, 0x05000000, 0x08b50000)
  from space 7552K,  37% used [0x092b0000, 0x09579a08, 0x09a10000)
  to   space 7552K,   0% used [0x08b50000, 0x08b50000, 0x092b0000)
 tenured generation   total 151560K, used 91570K [0x0a550000, 0x13952000, 0x15000000)
   the space 151560K,  60% used [0x0a550000, 0x0febc9e0, 0x0febca00, 0x13952000)
 Metaspace       used 12811K, capacity 13929K, committed 13952K, reserved 14720K
}
Event: 243.268 GC heap before
{Heap before GC invocations=182 (full 6):
 def new generation   total 68288K, used 63590K [0x05000000, 0x09a10000, 0x0a550000)
  eden space 60736K, 100% used [0x05000000, 0x08b50000, 0x08b50000)
  from space 7552K,  37% used [0x092b0000, 0x09579a08, 0x09a10000)
  to   space 7552K,   0% used [0x08b50000, 0x08b50000, 0x092b0000)
 tenured generation   total 151560K, used 91570K [0x0a550000, 0x13952000, 0x15000000)
   the space 151560K,  60% used [0x0a550000, 0x0febc9e0, 0x0febca00, 0x13952000)
 Metaspace       used 12812K, capacity 13931K, committed 13952K, reserved 14720K
Event: 243.274 GC heap after
Heap after GC invocations=183 (full 6):
 def new generation   total 68288K, used 3059K [0x05000000, 0x09a10000, 0x0a550000)
  eden space 60736K,   0% used [0x05000000, 0x05000000, 0x08b50000)
  from space 7552K,  40% used [0x08b50000, 0x08e4cee0, 0x092b0000)
  to   space 7552K,   0% used [0x092b0000, 0x092b0000, 0x09a10000)
 tenured generation   total 151560K, used 91587K [0x0a550000, 0x13952000, 0x15000000)
   the space 151560K,  60% used [0x0a550000, 0x0fec0dc0, 0x0fec0e00, 0x13952000)
 Metaspace       used 12812K, capacity 13931K, committed 13952K, reserved 14720K
}
Event: 257.067 GC heap before
{Heap before GC invocations=183 (full 6):
 def new generation   total 68288K, used 63795K [0x05000000, 0x09a10000, 0x0a550000)
  eden space 60736K, 100% used [0x05000000, 0x08b50000, 0x08b50000)
  from space 7552K,  40% used [0x08b50000, 0x08e4cee0, 0x092b0000)
  to   space 7552K,   0% used [0x092b0000, 0x092b0000, 0x09a10000)
 tenured generation   total 151560K, used 91587K [0x0a550000, 0x13952000, 0x15000000)
   the space 151560K,  60% used [0x0a550000, 0x0fec0dc0, 0x0fec0e00, 0x13952000)
 Metaspace       used 12812K, capacity 13931K, committed 13952K, reserved 14720K
Event: 257.074 GC heap after
Heap after GC invocations=184 (full 6):
 def new generation   total 68288K, used 2874K [0x05000000, 0x09a10000, 0x0a550000)
  eden space 60736K,   0% used [0x05000000, 0x05000000, 0x08b50000)
  from space 7552K,  38% used [0x092b0000, 0x0957eaf8, 0x09a10000)
  to   space 7552K,   0% used [0x08b50000, 0x08b50000, 0x092b0000)
 tenured generation   total 151560K, used 91860K [0x0a550000, 0x13952000, 0x15000000)
   the space 151560K,  60% used [0x0a550000, 0x0ff05008, 0x0ff05200, 0x13952000)
 Metaspace       used 12812K, capacity 13931K, committed 13952K, reserved 14720K
}
Event: 273.308 GC heap before
{Heap before GC invocations=184 (full 6):
 def new generation   total 68288K, used 63610K [0x05000000, 0x09a10000, 0x0a550000)
  eden space 60736K, 100% used [0x05000000, 0x08b50000, 0x08b50000)
  from space 7552K,  38% used [0x092b0000, 0x0957eaf8, 0x09a10000)
  to   space 7552K,   0% used [0x08b50000, 0x08b50000, 0x092b0000)
 tenured generation   total 151560K, used 91860K [0x0a550000, 0x13952000, 0x15000000)
   the space 151560K,  60% used [0x0a550000, 0x0ff05008, 0x0ff05200, 0x13952000)
 Metaspace       used 12812K, capacity 13931K, committed 13952K, reserved 14720K
Event: 273.318 GC heap after
Heap after GC invocations=185 (full 6):
 def new generation   total 68288K, used 3375K [0x05000000, 0x09a10000, 0x0a550000)
  eden space 60736K,   0% used [0x05000000, 0x05000000, 0x08b50000)
  from space 7552K,  44% used [0x08b50000, 0x08e9bdf0, 0x092b0000)
  to   space 7552K,   0% used [0x092b0000, 0x092b0000, 0x09a10000)
 tenured generation   total 151560K, used 91871K [0x0a550000, 0x13952000, 0x15000000)
   the space 151560K,  60% used [0x0a550000, 0x0ff07cd0, 0x0ff07e00, 0x13952000)
 Metaspace       used 12812K, capacity 13931K, committed 13952K, reserved 14720K
}

