# JRE version: Java(TM) SE Runtime Environment (8.0_221-b11) (build 1.8.0_221-b11)
# Java VM: Java HotSpot(TM) Client VM (25.221-b11 mixed mode windows-x86 )
Heap:
 def new generation   total 9792K, used 6662K [0x04600000, 0x05090000, 0x09b50000)
  eden space 8768K,  64% used [0x04600000, 0x04b8c2a8, 0x04e90000)
  from space 1024K,  95% used [0x04f90000, 0x050855b8, 0x05090000)
  to   space 1024K,   0% used [0x04e90000, 0x04e90000, 0x04f90000)
 tenured generation   total 21544K, used 17872K [0x09b50000, 0x0b05a000, 0x14600000)
   the space 21544K,  82% used [0x09b50000, 0x0acc4190, 0x0acc4200, 0x0b05a000)
 Metaspace       used 12033K, capacity 13135K, committed 13184K, reserved 13696K
GC Heap History (10 events):
Event: 3497.488 GC heap before
{Heap before GC invocations=1241 (full 14):
 def new generation   total 9792K, used 9186K [0x04600000, 0x05090000, 0x09b50000)
  eden space 8768K, 100% used [0x04600000, 0x04e90000, 0x04e90000)
  from space 1024K,  40% used [0x04e90000, 0x04ef8a50, 0x04f90000)
  to   space 1024K,   0% used [0x04f90000, 0x04f90000, 0x05090000)
 tenured generation   total 21544K, used 17804K [0x09b50000, 0x0b05a000, 0x14600000)
   the space 21544K,  82% used [0x09b50000, 0x0acb3028, 0x0acb3200, 0x0b05a000)
 Metaspace       used 12001K, capacity 13103K, committed 13184K, reserved 13696K
Event: 3497.489 GC heap after
Heap after GC invocations=1242 (full 14):
 def new generation   total 9792K, used 417K [0x04600000, 0x05090000, 0x09b50000)
  eden space 8768K,   0% used [0x04600000, 0x04600000, 0x04e90000)
  from space 1024K,  40% used [0x04f90000, 0x04ff8768, 0x05090000)
  to   space 1024K,   0% used [0x04e90000, 0x04e90000, 0x04f90000)
 tenured generation   total 21544K, used 17804K [0x09b50000, 0x0b05a000, 0x14600000)
   the space 21544K,  82% used [0x09b50000, 0x0acb3028, 0x0acb3200, 0x0b05a000)
 Metaspace       used 12001K, capacity 13103K, committed 13184K, reserved 13696K
}
Event: 3499.848 GC heap before
{Heap before GC invocations=1242 (full 14):
 def new generation   total 9792K, used 9185K [0x04600000, 0x05090000, 0x09b50000)
  eden space 8768K, 100% used [0x04600000, 0x04e90000, 0x04e90000)
  from space 1024K,  40% used [0x04f90000, 0x04ff8768, 0x05090000)
  to   space 1024K,   0% used [0x04e90000, 0x04e90000, 0x04f90000)
 tenured generation   total 21544K, used 17804K [0x09b50000, 0x0b05a000, 0x14600000)
   the space 21544K,  82% used [0x09b50000, 0x0acb3028, 0x0acb3200, 0x0b05a000)
 Metaspace       used 12001K, capacity 13103K, committed 13184K, reserved 13696K
Event: 3499.850 GC heap after
Heap after GC invocations=1243 (full 14):
 def new generation   total 9792K, used 416K [0x04600000, 0x05090000, 0x09b50000)
  eden space 8768K,   0% used [0x04600000, 0x04600000, 0x04e90000)
  from space 1024K,  40% used [0x04e90000, 0x04ef8130, 0x04f90000)
  to   space 1024K,   0% used [0x04f90000, 0x04f90000, 0x05090000)
 tenured generation   total 21544K, used 17804K [0x09b50000, 0x0b05a000, 0x14600000)
   the space 21544K,  82% used [0x09b50000, 0x0acb3028, 0x0acb3200, 0x0b05a000)
 Metaspace       used 12001K, capacity 13103K, committed 13184K, reserved 13696K
}
Event: 3502.837 GC heap before
{Heap before GC invocations=1243 (full 14):
 def new generation   total 9792K, used 9184K [0x04600000, 0x05090000, 0x09b50000)
  eden space 8768K, 100% used [0x04600000, 0x04e90000, 0x04e90000)
  from space 1024K,  40% used [0x04e90000, 0x04ef8130, 0x04f90000)
  to   space 1024K,   0% used [0x04f90000, 0x04f90000, 0x05090000)
 tenured generation   total 21544K, used 17804K [0x09b50000, 0x0b05a000, 0x14600000)
   the space 21544K,  82% used [0x09b50000, 0x0acb3028, 0x0acb3200, 0x0b05a000)
 Metaspace       used 12001K, capacity 13103K, committed 13184K, reserved 13696K
Event: 3502.839 GC heap after
Heap after GC invocations=1244 (full 14):
 def new generation   total 9792K, used 472K [0x04600000, 0x05090000, 0x09b50000)
  eden space 8768K,   0% used [0x04600000, 0x04600000, 0x04e90000)
  from space 1024K,  46% used [0x04f90000, 0x050060e8, 0x05090000)
  to   space 1024K,   0% used [0x04e90000, 0x04e90000, 0x04f90000)
 tenured generation   total 21544K, used 17804K [0x09b50000, 0x0b05a000, 0x14600000)
   the space 21544K,  82% used [0x09b50000, 0x0acb3028, 0x0acb3200, 0x0b05a000)
 Metaspace       used 12001K, capacity 13103K, committed 13184K, reserved 13696K
}
Event: 3509.240 GC heap before
{Heap before GC invocations=1244 (full 14):
 def new generation   total 9792K, used 9240K [0x04600000, 0x05090000, 0x09b50000)
  eden space 8768K, 100% used [0x04600000, 0x04e90000, 0x04e90000)
  from space 1024K,  46% used [0x04f90000, 0x050060e8, 0x05090000)
  to   space 1024K,   0% used [0x04e90000, 0x04e90000, 0x04f90000)
 tenured generation   total 21544K, used 17804K [0x09b50000, 0x0b05a000, 0x14600000)
   the space 21544K,  82% used [0x09b50000, 0x0acb3028, 0x0acb3200, 0x0b05a000)
 Metaspace       used 12001K, capacity 13103K, committed 13184K, reserved 13696K
Event: 3509.242 GC heap after
Heap after GC invocations=1245 (full 14):
 def new generation   total 9792K, used 1023K [0x04600000, 0x05090000, 0x09b50000)
  eden space 8768K,   0% used [0x04600000, 0x04600000, 0x04e90000)
  from space 1024K,  99% used [0x04e90000, 0x04f8ffd0, 0x04f90000)
  to   space 1024K,   0% used [0x04f90000, 0x04f90000, 0x05090000)
 tenured generation   total 21544K, used 17820K [0x09b50000, 0x0b05a000, 0x14600000)
   the space 21544K,  82% used [0x09b50000, 0x0acb7168, 0x0acb7200, 0x0b05a000)
 Metaspace       used 12001K, capacity 13103K, committed 13184K, reserved 13696K
}
Event: 3515.635 GC heap before
{Heap before GC invocations=1245 (full 14):
 def new generation   total 9792K, used 9791K [0x04600000, 0x05090000, 0x09b50000)
  eden space 8768K, 100% used [0x04600000, 0x04e90000, 0x04e90000)
  from space 1024K,  99% used [0x04e90000, 0x04f8ffd0, 0x04f90000)
  to   space 1024K,   0% used [0x04f90000, 0x04f90000, 0x05090000)
 tenured generation   total 21544K, used 17820K [0x09b50000, 0x0b05a000, 0x14600000)
   the space 21544K,  82% used [0x09b50000, 0x0acb7168, 0x0acb7200, 0x0b05a000)
 Metaspace       used 12001K, capacity 13103K, committed 13184K, reserved 13696K
Event: 3515.638 GC heap after
Heap after GC invocations=1246 (full 14):
 def new generation   total 9792K, used 981K [0x04600000, 0x05090000, 0x09b50000)
  eden space 8768K,   0% used [0x04600000, 0x04600000, 0x04e90000)
  from space 1024K,  95% used [0x04f90000, 0x050855b8, 0x05090000)
  to   space 1024K,   0% used [0x04e90000, 0x04e90000, 0x04f90000)
 tenured generation   total 21544K, used 17872K [0x09b50000, 0x0b05a000, 0x14600000)
   the space 21544K,  82% used [0x09b50000, 0x0acc4190, 0x0acc4200, 0x0b05a000)
 Metaspace       used 12001K, capacity 13103K, committed 13184K, reserved 13696K
}

