# JRE version: Java(TM) SE Runtime Environment (8.0_221-b11) (build 1.8.0_221-b11)
# Java VM: Java HotSpot(TM) Client VM (25.221-b11 mixed mode windows-x86 )
Heap:
 def new generation   total 9728K, used 5885K [0x04a00000, 0x05480000, 0x09f50000)
  eden space 8704K,  60% used [0x04a00000, 0x04f2b2f8, 0x05280000)
  from space 1024K,  57% used [0x05280000, 0x05314400, 0x05380000)
  to   space 1024K,   0% used [0x05380000, 0x05380000, 0x05480000)
 tenured generation   total 21372K, used 16946K [0x09f50000, 0x0b42f000, 0x14a00000)
   the space 21372K,  79% used [0x09f50000, 0x0afdc8d8, 0x0afdca00, 0x0b42f000)
 Metaspace       used 11924K, capacity 12918K, committed 12928K, reserved 13696K
GC Heap History (10 events):
Event: 868.847 GC heap before
{Heap before GC invocations=273 (full 9):
 def new generation   total 9728K, used 9199K [0x04a00000, 0x05480000, 0x09f50000)
  eden space 8704K, 100% used [0x04a00000, 0x05280000, 0x05280000)
  from space 1024K,  48% used [0x05380000, 0x053fbda0, 0x05480000)
  to   space 1024K,   0% used [0x05280000, 0x05280000, 0x05380000)
 tenured generation   total 21372K, used 16928K [0x09f50000, 0x0b42f000, 0x14a00000)
   the space 21372K,  79% used [0x09f50000, 0x0afd8200, 0x0afd8200, 0x0b42f000)
 Metaspace       used 11898K, capacity 12886K, committed 12928K, reserved 13696K
Event: 868.848 GC heap after
Heap after GC invocations=274 (full 9):
 def new generation   total 9728K, used 516K [0x04a00000, 0x05480000, 0x09f50000)
  eden space 8704K,   0% used [0x04a00000, 0x04a00000, 0x05280000)
  from space 1024K,  50% used [0x05280000, 0x05301018, 0x05380000)
  to   space 1024K,   0% used [0x05380000, 0x05380000, 0x05480000)
 tenured generation   total 21372K, used 16928K [0x09f50000, 0x0b42f000, 0x14a00000)
   the space 21372K,  79% used [0x09f50000, 0x0afd8200, 0x0afd8200, 0x0b42f000)
 Metaspace       used 11898K, capacity 12886K, committed 12928K, reserved 13696K
}
Event: 870.328 GC heap before
{Heap before GC invocations=274 (full 9):
 def new generation   total 9728K, used 9220K [0x04a00000, 0x05480000, 0x09f50000)
  eden space 8704K, 100% used [0x04a00000, 0x05280000, 0x05280000)
  from space 1024K,  50% used [0x05280000, 0x05301018, 0x05380000)
  to   space 1024K,   0% used [0x05380000, 0x05380000, 0x05480000)
 tenured generation   total 21372K, used 16928K [0x09f50000, 0x0b42f000, 0x14a00000)
   the space 21372K,  79% used [0x09f50000, 0x0afd8200, 0x0afd8200, 0x0b42f000)
 Metaspace       used 11898K, capacity 12886K, committed 12928K, reserved 13696K
Event: 870.330 GC heap after
Heap after GC invocations=275 (full 9):
 def new generation   total 9728K, used 495K [0x04a00000, 0x05480000, 0x09f50000)
  eden space 8704K,   0% used [0x04a00000, 0x04a00000, 0x05280000)
  from space 1024K,  48% used [0x05380000, 0x053fbd60, 0x05480000)
  to   space 1024K,   0% used [0x05280000, 0x05280000, 0x05380000)
 tenured generation   total 21372K, used 16928K [0x09f50000, 0x0b42f000, 0x14a00000)
   the space 21372K,  79% used [0x09f50000, 0x0afd82e0, 0x0afd8400, 0x0b42f000)
 Metaspace       used 11898K, capacity 12886K, committed 12928K, reserved 13696K
}
Event: 871.692 GC heap before
{Heap before GC invocations=275 (full 9):
 def new generation   total 9728K, used 9199K [0x04a00000, 0x05480000, 0x09f50000)
  eden space 8704K, 100% used [0x04a00000, 0x05280000, 0x05280000)
  from space 1024K,  48% used [0x05380000, 0x053fbd60, 0x05480000)
  to   space 1024K,   0% used [0x05280000, 0x05280000, 0x05380000)
 tenured generation   total 21372K, used 16928K [0x09f50000, 0x0b42f000, 0x14a00000)
   the space 21372K,  79% used [0x09f50000, 0x0afd82e0, 0x0afd8400, 0x0b42f000)
 Metaspace       used 11898K, capacity 12886K, committed 12928K, reserved 13696K
Event: 871.693 GC heap after
Heap after GC invocations=276 (full 9):
 def new generation   total 9728K, used 532K [0x04a00000, 0x05480000, 0x09f50000)
  eden space 8704K,   0% used [0x04a00000, 0x04a00000, 0x05280000)
  from space 1024K,  52% used [0x05280000, 0x05305340, 0x05380000)
  to   space 1024K,   0% used [0x05380000, 0x05380000, 0x05480000)
 tenured generation   total 21372K, used 16928K [0x09f50000, 0x0b42f000, 0x14a00000)
   the space 21372K,  79% used [0x09f50000, 0x0afd82e0, 0x0afd8400, 0x0b42f000)
 Metaspace       used 11898K, capacity 12886K, committed 12928K, reserved 13696K
}
Event: 872.727 GC heap before
{Heap before GC invocations=276 (full 9):
 def new generation   total 9728K, used 9236K [0x04a00000, 0x05480000, 0x09f50000)
  eden space 8704K, 100% used [0x04a00000, 0x05280000, 0x05280000)
  from space 1024K,  52% used [0x05280000, 0x05305340, 0x05380000)
  to   space 1024K,   0% used [0x05380000, 0x05380000, 0x05480000)
 tenured generation   total 21372K, used 16928K [0x09f50000, 0x0b42f000, 0x14a00000)
   the space 21372K,  79% used [0x09f50000, 0x0afd82e0, 0x0afd8400, 0x0b42f000)
 Metaspace       used 11898K, capacity 12886K, committed 12928K, reserved 13696K
Event: 872.729 GC heap after
Heap after GC invocations=277 (full 9):
 def new generation   total 9728K, used 419K [0x04a00000, 0x05480000, 0x09f50000)
  eden space 8704K,   0% used [0x04a00000, 0x04a00000, 0x05280000)
  from space 1024K,  40% used [0x05380000, 0x053e8de0, 0x05480000)
  to   space 1024K,   0% used [0x05280000, 0x05280000, 0x05380000)
 tenured generation   total 21372K, used 16946K [0x09f50000, 0x0b42f000, 0x14a00000)
   the space 21372K,  79% used [0x09f50000, 0x0afdc8d8, 0x0afdca00, 0x0b42f000)
 Metaspace       used 11898K, capacity 12886K, committed 12928K, reserved 13696K
}
Event: 874.623 GC heap before
{Heap before GC invocations=277 (full 9):
 def new generation   total 9728K, used 9123K [0x04a00000, 0x05480000, 0x09f50000)
  eden space 8704K, 100% used [0x04a00000, 0x05280000, 0x05280000)
  from space 1024K,  40% used [0x05380000, 0x053e8de0, 0x05480000)
  to   space 1024K,   0% used [0x05280000, 0x05280000, 0x05380000)
 tenured generation   total 21372K, used 16946K [0x09f50000, 0x0b42f000, 0x14a00000)
   the space 21372K,  79% used [0x09f50000, 0x0afdc8d8, 0x0afdca00, 0x0b42f000)
 Metaspace       used 11898K, capacity 12886K, committed 12928K, reserved 13696K
Event: 874.624 GC heap after
Heap after GC invocations=278 (full 9):
 def new generation   total 9728K, used 593K [0x04a00000, 0x05480000, 0x09f50000)
  eden space 8704K,   0% used [0x04a00000, 0x04a00000, 0x05280000)
  from space 1024K,  57% used [0x05280000, 0x05314400, 0x05380000)
  to   space 1024K,   0% used [0x05380000, 0x05380000, 0x05480000)
 tenured generation   total 21372K, used 16946K [0x09f50000, 0x0b42f000, 0x14a00000)
   the space 21372K,  79% used [0x09f50000, 0x0afdc8d8, 0x0afdca00, 0x0b42f000)
 Metaspace       used 11898K, capacity 12886K, committed 12928K, reserved 13696K
}

